c:\users\351\documents\visual studio 2017\projects\noair\noair\release\noair.pch
c:\users\351\documents\visual studio 2017\projects\noair\noair\release\vc141.pdb
c:\users\351\documents\visual studio 2017\projects\noair\noair\release\pch.obj
c:\users\351\documents\visual studio 2017\projects\noair\noair\release\noairdlg.obj
c:\users\351\documents\visual studio 2017\projects\noair\noair\release\noair.obj
c:\users\351\documents\visual studio 2017\projects\noair\noair\release\cdiaset.obj
c:\users\351\documents\visual studio 2017\projects\noair\noair\release\cdiaact.obj
c:\users\351\documents\visual studio 2017\projects\noair\release\noair.exe
c:\users\351\documents\visual studio 2017\projects\noair\release\noair.pdb
c:\users\351\documents\visual studio 2017\projects\noair\release\noair.ipdb
c:\users\351\documents\visual studio 2017\projects\noair\release\noair.iobj
c:\users\351\documents\visual studio 2017\projects\noair\noair\release\noair.res
c:\users\351\documents\visual studio 2017\projects\noair\noair\release\noair.tlog\cl.command.1.tlog
c:\users\351\documents\visual studio 2017\projects\noair\noair\release\noair.tlog\cl.read.1.tlog
c:\users\351\documents\visual studio 2017\projects\noair\noair\release\noair.tlog\cl.write.1.tlog
c:\users\351\documents\visual studio 2017\projects\noair\noair\release\noair.tlog\link.command.1.tlog
c:\users\351\documents\visual studio 2017\projects\noair\noair\release\noair.tlog\link.read.1.tlog
c:\users\351\documents\visual studio 2017\projects\noair\noair\release\noair.tlog\link.write.1.tlog
c:\users\351\documents\visual studio 2017\projects\noair\noair\release\noair.tlog\noair.write.1u.tlog
c:\users\351\documents\visual studio 2017\projects\noair\noair\release\noair.tlog\rc.command.1.tlog
c:\users\351\documents\visual studio 2017\projects\noair\noair\release\noair.tlog\rc.read.1.tlog
c:\users\351\documents\visual studio 2017\projects\noair\noair\release\noair.tlog\rc.write.1.tlog
